2015-03-24 16:56:56 INFO  Leclerc:231 - 40592
2015-03-24 16:56:56 INFO  ScpTask:41 - start download :http://nos-catalogues-promos.e-leclerc.com/Leclerc/operations/14246986005944/products/40592/img_zoom/15A07_V2_Page_89_Image_0002.jpg
2015-03-24 16:56:56 INFO  Leclerc:173 - FILTRE À HUILE
2015-03-24 16:56:57 INFO  Leclerc:230 - http://nos-catalogues-promos.e-leclerc.com/Leclerc/operations/14246986005944/products/41171/img_zoom/15A07_V2_Page_90_Image_0003.jpg
2015-03-24 16:56:57 INFO  Leclerc:231 - 41171
2015-03-24 16:56:57 INFO  ScpTask:41 - start download :http://nos-catalogues-promos.e-leclerc.com/Leclerc/operations/14246986005944/products/41171/img_zoom/15A07_V2_Page_90_Image_0003.jpg
2015-03-24 16:56:57 INFO  Leclerc:173 - LAVE-GLACE TOUTES SAISONS ANTIPLUIE -20°C “TECH9”
2015-03-24 16:56:57 INFO  Leclerc:230 - http://nos-catalogues-promos.e-leclerc.com/Leclerc/operations/14246986005944/products/40601/img_zoom/pop_80.jpg
2015-03-24 16:56:57 INFO  Leclerc:231 - 40601
2015-03-24 16:56:57 INFO  ScpTask:41 - start download :http://nos-catalogues-promos.e-leclerc.com/Leclerc/operations/14246986005944/products/40601/img_zoom/pop_80.jpg
2015-03-24 16:56:57 INFO  Leclerc:173 - HUILE MOTO 4T SEMI-SYNTHÈSE “TECH9”
2015-03-24 16:56:58 INFO  Leclerc:230 - http://nos-catalogues-promos.e-leclerc.com/Leclerc/operations/14246986005944/products/40596/img_zoom/pop_77.jpg
2015-03-24 16:56:58 INFO  Leclerc:231 - 40596
2015-03-24 16:56:58 INFO  ScpTask:41 - start download :http://nos-catalogues-promos.e-leclerc.com/Leclerc/operations/14246986005944/products/40596/img_zoom/pop_77.jpg
2015-03-24 16:56:58 INFO  Leclerc:173 - BALAI D’ESSUIE-GLACE 400 MM CLASSIC 11 “TECH9”
2015-03-24 16:56:59 INFO  Leclerc:230 - http://nos-catalogues-promos.e-leclerc.com/Leclerc/operations/14246986005944/products/40607/img_zoom/pop_82.jpg
2015-03-24 16:56:59 INFO  Leclerc:231 - 40607
2015-03-24 16:56:59 INFO  ScpTask:41 - start download :http://nos-catalogues-promos.e-leclerc.com/Leclerc/operations/14246986005944/products/40607/img_zoom/pop_82.jpg
2015-03-24 16:56:59 INFO  Leclerc:173 - BALAI BROSSE MANCHE TÉLESCOPIQUE “TECH9”
2015-03-24 16:56:59 INFO  Leclerc:230 - http://nos-catalogues-promos.e-leclerc.com/Leclerc/operations/14246986005944/products/40600/img_zoom/pop_81.jpg
2015-03-24 16:56:59 INFO  Leclerc:231 - 40600
2015-03-24 16:56:59 INFO  ScpTask:41 - start download :http://nos-catalogues-promos.e-leclerc.com/Leclerc/operations/14246986005944/products/40600/img_zoom/pop_81.jpg
2015-03-24 16:57:00 INFO  Leclerc:173 - HUILE MOTEUR DIESEL 10W40 “TECH9”
2015-03-24 16:57:00 INFO  Leclerc:230 - http://nos-catalogues-promos.e-leclerc.com/Leclerc/operations/14246986005944/products/40598/img_zoom/pop_78.jpg
2015-03-24 16:57:00 INFO  Leclerc:231 - 40598
2015-03-24 16:57:00 INFO  ScpTask:41 - start download :http://nos-catalogues-promos.e-leclerc.com/Leclerc/operations/14246986005944/products/40598/img_zoom/pop_78.jpg
2015-03-24 16:57:00 INFO  Leclerc:173 - NETTOYANT JANTES ALU 
2015-03-24 16:57:01 INFO  Leclerc:230 - http://nos-catalogues-promos.e-leclerc.com/Leclerc/operations/14246986005944/products/40605/img_zoom/15A07_V2_Page_91_Image_0009.jpg
2015-03-24 16:57:01 INFO  Leclerc:231 - 40605
2015-03-24 16:57:01 INFO  ScpTask:41 - start download :http://nos-catalogues-promos.e-leclerc.com/Leclerc/operations/14246986005944/products/40605/img_zoom/15A07_V2_Page_91_Image_0009.jpg
2015-03-24 16:57:01 INFO  Leclerc:173 - JEU DE TAPIS UNIVERSELS
2015-03-24 16:57:01 INFO  Leclerc:230 - http://nos-catalogues-promos.e-leclerc.com/Leclerc/operations/14246986005944/products/40606/img_zoom/15A07_V2_Page_91_Image_0013.jpg
2015-03-24 16:57:01 INFO  Leclerc:231 - 40606
2015-03-24 16:57:01 INFO  ScpTask:41 - start download :http://nos-catalogues-promos.e-leclerc.com/Leclerc/operations/14246986005944/products/40606/img_zoom/15A07_V2_Page_91_Image_0013.jpg
2015-03-24 16:57:01 INFO  Leclerc:173 - PC PORTABLE
2015-03-24 16:57:02 INFO  Leclerc:230 - http://nos-catalogues-promos.e-leclerc.com/Leclerc/operations/14246986005944/products/40571/img_zoom/15A07_V2_Page_86_Image_0007.jpg
2015-03-24 16:57:02 INFO  Leclerc:231 - 40571
2015-03-24 16:57:02 INFO  ScpTask:41 - start download :http://nos-catalogues-promos.e-leclerc.com/Leclerc/operations/14246986005944/products/40571/img_zoom/15A07_V2_Page_86_Image_0007.jpg
2015-03-24 16:57:02 INFO  Leclerc:173 - TÉLÉVISEUR LED
2015-03-24 16:57:03 INFO  Leclerc:230 - http://nos-catalogues-promos.e-leclerc.com/Leclerc/operations/14246986005944/products/40568/img_zoom/15A07_V2_Page_85_Image_0001.jpg
2015-03-24 16:57:03 INFO  Leclerc:231 - 40568
2015-03-24 16:57:03 INFO  ScpTask:41 - start download :http://nos-catalogues-promos.e-leclerc.com/Leclerc/operations/14246986005944/products/40568/img_zoom/15A07_V2_Page_85_Image_0001.jpg
2015-03-24 16:57:03 INFO  Leclerc:173 - TABLETTE TACTILE
2015-03-24 16:57:05 INFO  Leclerc:230 - http://nos-catalogues-promos.e-leclerc.com/Leclerc/operations/14246986005944/products/40572/img_zoom/15A07_V2_Page_86_Image_0003.jpg
2015-03-24 16:57:05 INFO  Leclerc:231 - 40572
2015-03-24 16:57:05 INFO  ScpTask:41 - start download :http://nos-catalogues-promos.e-leclerc.com/Leclerc/operations/14246986005944/products/40572/img_zoom/15A07_V2_Page_86_Image_0003.jpg
2015-03-24 16:57:05 INFO  Leclerc:173 - IMPRIMANTE MULTIFONCTION
2015-03-24 16:57:06 INFO  Leclerc:230 - http://nos-catalogues-promos.e-leclerc.com/Leclerc/operations/14246986005944/products/40573/img_zoom/15A07_V2_Page_86_Image_0014.jpg
2015-03-24 16:57:06 INFO  Leclerc:231 - 40573
2015-03-24 16:57:06 INFO  ScpTask:41 - start download :http://nos-catalogues-promos.e-leclerc.com/Leclerc/operations/14246986005944/products/40573/img_zoom/15A07_V2_Page_86_Image_0014.jpg
2015-03-24 16:57:06 INFO  Leclerc:173 - TÉLÉVISEUR LED
2015-03-24 16:57:07 INFO  Leclerc:230 - http://nos-catalogues-promos.e-leclerc.com/Leclerc/operations/14246986005944/products/40569/img_zoom/15A07_V2_Page_85_Image_0002.jpg
2015-03-24 16:57:07 INFO  Leclerc:231 - 40569
2015-03-24 16:57:07 INFO  ScpTask:41 - start download :http://nos-catalogues-promos.e-leclerc.com/Leclerc/operations/14246986005944/products/40569/img_zoom/15A07_V2_Page_85_Image_0002.jpg
2015-03-24 16:57:07 INFO  Leclerc:173 - CLÉ USB
2015-03-24 16:57:08 INFO  Leclerc:230 - http://nos-catalogues-promos.e-leclerc.com/Leclerc/operations/14246986005944/products/40574/img_zoom/15A07_V2_Page_86_Image_0005.jpg
2015-03-24 16:57:08 INFO  Leclerc:231 - 40574
2015-03-24 16:57:08 INFO  ScpTask:41 - start download :http://nos-catalogues-promos.e-leclerc.com/Leclerc/operations/14246986005944/products/40574/img_zoom/15A07_V2_Page_86_Image_0005.jpg
2015-03-24 16:57:08 INFO  Leclerc:173 - COMPACT NUMÉRIQUE
2015-03-24 16:57:09 INFO  Leclerc:230 - http://nos-catalogues-promos.e-leclerc.com/Leclerc/operations/14246986005944/products/40580/img_zoom/15A07_V2_Page_87_Image_0009.jpg
2015-03-24 16:57:09 INFO  Leclerc:231 - 40580
2015-03-24 16:57:09 INFO  ScpTask:41 - start download :http://nos-catalogues-promos.e-leclerc.com/Leclerc/operations/14246986005944/products/40580/img_zoom/15A07_V2_Page_87_Image_0009.jpg
2015-03-24 16:57:09 INFO  Leclerc:173 - TÉLÉPHONE NUMÉRIQUE
2015-03-24 16:57:09 INFO  Leclerc:230 - http://nos-catalogues-promos.e-leclerc.com/Leclerc/operations/14246986005944/products/40578/img_zoom/15A07_V2_Page_87_Image_0007.jpg
2015-03-24 16:57:09 INFO  Leclerc:231 - 40578
2015-03-24 16:57:09 INFO  ScpTask:41 - start download :http://nos-catalogues-promos.e-leclerc.com/Leclerc/operations/14246986005944/products/40578/img_zoom/15A07_V2_Page_87_Image_0007.jpg
2015-03-24 16:57:09 INFO  Leclerc:173 - SMARTPHONE
2015-03-24 16:57:10 INFO  Leclerc:230 - http://nos-catalogues-promos.e-leclerc.com/Leclerc/operations/14246986005944/products/40576/img_zoom/15A07_V2_Page_87_Image_0011.jpg
2015-03-24 16:57:10 INFO  Leclerc:231 - 40576
2015-03-24 16:57:10 INFO  ScpTask:41 - start download :http://nos-catalogues-promos.e-leclerc.com/Leclerc/operations/14246986005944/products/40576/img_zoom/15A07_V2_Page_87_Image_0011.jpg
2015-03-24 16:57:10 INFO  Leclerc:173 - SÉLECTION DE JEUX PC
2015-03-24 16:57:10 INFO  Leclerc:230 - http://nos-catalogues-promos.e-leclerc.com/Leclerc/operations/14246986005944/products/40583/img_zoom/15A07_V2_Page_88_Image_0011.jpg
2015-03-24 16:57:10 INFO  Leclerc:231 - 40583
2015-03-24 16:57:10 INFO  ScpTask:41 - start download :http://nos-catalogues-promos.e-leclerc.com/Leclerc/operations/14246986005944/products/40583/img_zoom/15A07_V2_Page_88_Image_0011.jpg
2015-03-24 16:57:10 INFO  Leclerc:173 - CASQUE AX 180
2015-03-24 16:57:11 INFO  Leclerc:230 - http://nos-catalogues-promos.e-leclerc.com/Leclerc/operations/14246986005944/products/40586/img_zoom/15A07_V2_Page_88_Image_0021.jpg
2015-03-24 16:57:11 INFO  Leclerc:231 - 40586
2015-03-24 16:57:11 INFO  ScpTask:41 - start download :http://nos-catalogues-promos.e-leclerc.com/Leclerc/operations/14246986005944/products/40586/img_zoom/15A07_V2_Page_88_Image_0021.jpg
2015-03-24 16:57:11 INFO  Leclerc:173 - OPÉRATION DVD
2015-03-24 16:57:11 INFO  Leclerc:230 - http://nos-catalogues-promos.e-leclerc.com/Leclerc/operations/14246986005944/products/40584/img_zoom/15A07_V2_Page_88_Image_0015.jpg
2015-03-24 16:57:11 INFO  Leclerc:231 - 40584
2015-03-24 16:57:11 INFO  ScpTask:41 - start download :http://nos-catalogues-promos.e-leclerc.com/Leclerc/operations/14246986005944/products/40584/img_zoom/15A07_V2_Page_88_Image_0015.jpg
2015-03-24 16:57:11 INFO  Leclerc:173 - OPÉRATION P’TITE FILLE - P’TIT GARÇON
2015-03-24 16:57:12 INFO  Leclerc:230 - http://nos-catalogues-promos.e-leclerc.com/Leclerc/operations/14246986005944/products/40587/img_zoom/15A07_V2_Page_88_Image_0001.jpg
2015-03-24 16:57:12 INFO  Leclerc:231 - 40587
2015-03-24 16:57:12 INFO  ScpTask:41 - start download :http://nos-catalogues-promos.e-leclerc.com/Leclerc/operations/14246986005944/products/40587/img_zoom/15A07_V2_Page_88_Image_0001.jpg
2015-03-24 16:57:12 INFO  Leclerc:173 - TEE-SHIRT “TISSAIA”
2015-03-24 16:57:13 INFO  Leclerc:230 - http://nos-catalogues-promos.e-leclerc.com/Leclerc/operations/14246986005944/products/40513/img_zoom/pop_TeeShirt6e93.jpg
2015-03-24 16:57:13 INFO  Leclerc:231 - 40513
2015-03-24 16:57:13 INFO  ScpTask:41 - start download :http://nos-catalogues-promos.e-leclerc.com/Leclerc/operations/14246986005944/products/40513/img_zoom/pop_TeeShirt6e93.jpg
2015-03-24 16:57:13 INFO  Leclerc:173 - ROBE
2015-03-24 16:57:14 INFO  Leclerc:230 - http://nos-catalogues-promos.e-leclerc.com/Leclerc/operations/14246986005944/products/40514/img_zoom/15A07_V2_Page_76_Image_0044.jpg
2015-03-24 16:57:14 INFO  Leclerc:231 - 40514
2015-03-24 16:57:14 INFO  ScpTask:41 - start download :http://nos-catalogues-promos.e-leclerc.com/Leclerc/operations/14246986005944/products/40514/img_zoom/15A07_V2_Page_76_Image_0044.jpg
2015-03-24 16:57:14 INFO  Leclerc:173 - FOULARD “TISSAIA” 
2015-03-24 16:57:14 INFO  Leclerc:230 - http://nos-catalogues-promos.e-leclerc.com/Leclerc/operations/14246986005944/products/40520/img_zoom/15A07_V2_Page_77_Image_0006.jpg
2015-03-24 16:57:14 INFO  Leclerc:231 - 40520
2015-03-24 16:57:14 INFO  ScpTask:41 - start download :http://nos-catalogues-promos.e-leclerc.com/Leclerc/operations/14246986005944/products/40520/img_zoom/15A07_V2_Page_77_Image_0006.jpg
2015-03-24 16:57:14 INFO  Leclerc:173 - ROBE “TISSAIA”
2015-03-24 16:57:15 INFO  Leclerc:230 - http://nos-catalogues-promos.e-leclerc.com/Leclerc/operations/14246986005944/products/40519/img_zoom/pop_Robe9e03.jpg
2015-03-24 16:57:15 INFO  Leclerc:231 - 40519
2015-03-24 16:57:15 INFO  ScpTask:41 - start download :http://nos-catalogues-promos.e-leclerc.com/Leclerc/operations/14246986005944/products/40519/img_zoom/pop_Robe9e03.jpg
2015-03-24 16:57:15 INFO  Leclerc:173 - JUPE “TISSAIA”
2015-03-24 16:57:15 INFO  Leclerc:230 - http://nos-catalogues-promos.e-leclerc.com/Leclerc/operations/14246986005944/products/40516/img_zoom/pop_JupeTissaia.jpg
2015-03-24 16:57:15 INFO  Leclerc:231 - 40516
2015-03-24 16:57:15 INFO  ScpTask:41 - start download :http://nos-catalogues-promos.e-leclerc.com/Leclerc/operations/14246986005944/products/40516/img_zoom/pop_JupeTissaia.jpg
2015-03-24 16:57:15 INFO  Leclerc:173 - SANDALE “TISSAIA”
2015-03-24 16:57:16 INFO  Leclerc:230 - http://nos-catalogues-promos.e-leclerc.com/Leclerc/operations/14246986005944/products/40521/img_zoom/15A07_V2_Page_77_Image_0009.jpg
2015-03-24 16:57:16 INFO  Leclerc:231 - 40521
2015-03-24 16:57:16 INFO  ScpTask:41 - start download :http://nos-catalogues-promos.e-leclerc.com/Leclerc/operations/14246986005944/products/40521/img_zoom/15A07_V2_Page_77_Image_0009.jpg
2015-03-24 16:57:16 INFO  Leclerc:173 - GILET “TISSAIA”
2015-03-24 16:57:16 INFO  Leclerc:230 - http://nos-catalogues-promos.e-leclerc.com/Leclerc/operations/14246986005944/products/40527/img_zoom/15L106_V2_Page_80_Image_0043.jpg
2015-03-24 16:57:16 INFO  Leclerc:231 - 40527
2015-03-24 16:57:16 INFO  ScpTask:41 - start download :http://nos-catalogues-promos.e-leclerc.com/Leclerc/operations/14246986005944/products/40527/img_zoom/15L106_V2_Page_80_Image_0043.jpg
2015-03-24 16:57:16 INFO  Leclerc:173 - BALLERINE “ TISSAIA”
2015-03-24 16:57:17 INFO  Leclerc:230 - http://nos-catalogues-promos.e-leclerc.com/Leclerc/operations/14246986005944/products/40518/img_zoom/15A07_V2_Page_76_Image_0032.jpg
2015-03-24 16:57:17 INFO  Leclerc:231 - 40518
2015-03-24 16:57:17 INFO  ScpTask:41 - start download :http://nos-catalogues-promos.e-leclerc.com/Leclerc/operations/14246986005944/products/40518/img_zoom/15A07_V2_Page_76_Image_0032.jpg
2015-03-24 16:57:17 INFO  Leclerc:173 - POLO “TISSAIA”
2015-03-24 16:57:17 INFO  Leclerc:230 - http://nos-catalogues-promos.e-leclerc.com/Leclerc/operations/14246986005944/products/40525/img_zoom/15L106_V2_Page_80_Image_0081.jpg
2015-03-24 16:57:17 INFO  Leclerc:231 - 40525
2015-03-24 16:57:17 INFO  ScpTask:41 - start download :http://nos-catalogues-promos.e-leclerc.com/Leclerc/operations/14246986005944/products/40525/img_zoom/15L106_V2_Page_80_Image_0081.jpg
2015-03-24 16:57:17 INFO  Leclerc:173 - PANTALON TISSAIA”
2015-03-24 16:57:18 INFO  Leclerc:230 - http://nos-catalogues-promos.e-leclerc.com/Leclerc/operations/14246986005944/products/40528/img_zoom/pop_Pantalon9e03.jpg
2015-03-24 16:57:18 INFO  Leclerc:231 - 40528
2015-03-24 16:57:18 INFO  ScpTask:41 - start download :http://nos-catalogues-promos.e-leclerc.com/Leclerc/operations/14246986005944/products/40528/img_zoom/pop_Pantalon9e03.jpg
2015-03-24 16:57:18 INFO  Leclerc:173 - CHAUSSURES FILLE ET GARÇON “LICENCES DIVERSES”
2015-03-24 16:57:18 INFO  Leclerc:230 - http://nos-catalogues-promos.e-leclerc.com/Leclerc/operations/14246986005944/products/40530/img_zoom/15A07_V2_Page_79_Image_0025.jpg
2015-03-24 16:57:18 INFO  Leclerc:231 - 40530
2015-03-24 16:57:18 INFO  ScpTask:41 - start download :http://nos-catalogues-promos.e-leclerc.com/Leclerc/operations/14246986005944/products/40530/img_zoom/15A07_V2_Page_79_Image_0025.jpg
2015-03-24 16:57:18 INFO  Leclerc:173 - TENNIS TOILE “TISSAIA”
2015-03-24 16:57:19 INFO  Leclerc:230 - http://nos-catalogues-promos.e-leclerc.com/Leclerc/operations/14246986005944/products/40529/img_zoom/15A07_V2_Page_78_Image_0029.jpg
2015-03-24 16:57:19 INFO  Leclerc:231 - 40529
2015-03-24 16:57:19 INFO  ScpTask:41 - start download :http://nos-catalogues-promos.e-leclerc.com/Leclerc/operations/14246986005944/products/40529/img_zoom/15A07_V2_Page_78_Image_0029.jpg
2015-03-24 16:57:19 INFO  Leclerc:173 - TEE-SHIRT “LICENCES DIVERSES”
2015-03-24 16:57:19 INFO  Leclerc:230 - http://nos-catalogues-promos.e-leclerc.com/Leclerc/operations/14246986005944/products/40533/img_zoom/15A07_V2_Page_79_Image_0034.jpg
2015-03-24 16:57:19 INFO  Leclerc:231 - 40533
2015-03-24 16:57:19 INFO  ScpTask:41 - start download :http://nos-catalogues-promos.e-leclerc.com/Leclerc/operations/14246986005944/products/40533/img_zoom/15A07_V2_Page_79_Image_0034.jpg
2015-03-24 16:57:19 INFO  Leclerc:173 - LOT DE 3 BOXERS JUNIOR GARÇON “DIM”
2015-03-24 16:57:20 INFO  Leclerc:230 - http://nos-catalogues-promos.e-leclerc.com/Leclerc/operations/14246986005944/products/40546/img_zoom/15A07_V2_Page_82_Image_0005.jpg
2015-03-24 16:57:20 INFO  Leclerc:231 - 40546
2015-03-24 16:57:20 INFO  ScpTask:41 - start download :http://nos-catalogues-promos.e-leclerc.com/Leclerc/operations/14246986005944/products/40546/img_zoom/15A07_V2_Page_82_Image_0005.jpg
2015-03-24 16:57:20 INFO  Leclerc:173 - BRASSIÈRE OU LOT DE 2 CULOTTES JUNIOR FILLE “DIM”
2015-03-24 16:57:20 INFO  Leclerc:230 - http://nos-catalogues-promos.e-leclerc.com/Leclerc/operations/14246986005944/products/40551/img_zoom/15A07_V2_Page_82_Image_0033.jpg
2015-03-24 16:57:20 INFO  Leclerc:231 - 40551
2015-03-24 16:57:20 INFO  ScpTask:41 - start download :http://nos-catalogues-promos.e-leclerc.com/Leclerc/operations/14246986005944/products/40551/img_zoom/15A07_V2_Page_82_Image_0033.jpg
2015-03-24 16:57:20 INFO  Leclerc:173 - LOT DE 3 CULOTTES FILLE OU 3 SLIPS GARÇON “PETIT BATEAU”
2015-03-24 16:57:21 INFO  Leclerc:230 - http://nos-catalogues-promos.e-leclerc.com/Leclerc/operations/14246986005944/products/40547/img_zoom/15A07_V2_Page_82_Image_0009.jpg
2015-03-24 16:57:21 INFO  Leclerc:231 - 40547
2015-03-24 16:57:21 INFO  ScpTask:41 - start download :http://nos-catalogues-promos.e-leclerc.com/Leclerc/operations/14246986005944/products/40547/img_zoom/15A07_V2_Page_82_Image_0009.jpg
2015-03-24 16:57:21 INFO  Leclerc:173 - LOT DE 3 PAIRES DE CHAUSSETTES LICENCES ENFANT
2015-03-24 16:57:21 INFO  Leclerc:230 - http://nos-catalogues-promos.e-leclerc.com/Leclerc/operations/14246986005944/products/40553/img_zoom/15A07_V2_Page_82_Image_0019.jpg
2015-03-24 16:57:21 INFO  Leclerc:231 - 40553
2015-03-24 16:57:21 INFO  ScpTask:41 - start download :http://nos-catalogues-promos.e-leclerc.com/Leclerc/operations/14246986005944/products/40553/img_zoom/15A07_V2_Page_82_Image_0019.jpg
2015-03-24 16:57:21 INFO  Leclerc:173 - BERMUDA “TISSAIA”
2015-03-24 16:57:21 INFO  Leclerc:230 - http://nos-catalogues-promos.e-leclerc.com/Leclerc/operations/14246986005944/products/40542/img_zoom/15A07_V2_Page_81_Image_0023.jpg
2015-03-24 16:57:21 INFO  Leclerc:231 - 40542
2015-03-24 16:57:21 INFO  ScpTask:41 - start download :http://nos-catalogues-promos.e-leclerc.com/Leclerc/operations/14246986005944/products/40542/img_zoom/15A07_V2_Page_81_Image_0023.jpg
2015-03-24 16:57:21 INFO  Leclerc:173 - TEE-SHIRT "RIVALDI"
2015-03-24 16:57:22 INFO  Leclerc:230 - http://nos-catalogues-promos.e-leclerc.com/Leclerc/operations/14246986005944/products/40541/img_zoom/15A07_V2_Page_81_Image_0003.jpg
2015-03-24 16:57:22 INFO  Leclerc:231 - 40541
2015-03-24 16:57:22 INFO  ScpTask:41 - start download :http://nos-catalogues-promos.e-leclerc.com/Leclerc/operations/14246986005944/products/40541/img_zoom/15A07_V2_Page_81_Image_0003.jpg
2015-03-24 16:57:22 INFO  Leclerc:173 - CHEMISE “TISSAIA”
2015-03-24 16:57:23 INFO  Leclerc:230 - http://nos-catalogues-promos.e-leclerc.com/Leclerc/operations/14246986005944/products/40543/img_zoom/15H11_V2_Page_100_Image_0011.jpg
2015-03-24 16:57:23 INFO  Leclerc:231 - 40543
2015-03-24 16:57:23 INFO  ScpTask:41 - start download :http://nos-catalogues-promos.e-leclerc.com/Leclerc/operations/14246986005944/products/40543/img_zoom/15H11_V2_Page_100_Image_0011.jpg
2015-03-24 16:57:23 INFO  Leclerc:173 - PANTALON “TISSAIA”
2015-03-24 16:57:24 INFO  Leclerc:230 - http://nos-catalogues-promos.e-leclerc.com/Leclerc/operations/14246986005944/products/40536/img_zoom/pop_Pantalon10e74.jpg
2015-03-24 16:57:24 INFO  Leclerc:231 - 40536
2015-03-24 16:57:24 INFO  ScpTask:41 - start download :http://nos-catalogues-promos.e-leclerc.com/Leclerc/operations/14246986005944/products/40536/img_zoom/pop_Pantalon10e74.jpg
2015-03-24 16:57:24 INFO  Leclerc:173 - TEE-SHIRT “TISSAIA”
2015-03-24 16:57:24 INFO  Leclerc:230 - http://nos-catalogues-promos.e-leclerc.com/Leclerc/operations/14246986005944/products/40535/img_zoom/pop_TShirtGilet.jpg
2015-03-24 16:57:24 INFO  Leclerc:231 - 40535
2015-03-24 16:57:24 INFO  ScpTask:41 - start download :http://nos-catalogues-promos.e-leclerc.com/Leclerc/operations/14246986005944/products/40535/img_zoom/pop_TShirtGilet.jpg
2015-03-24 16:57:25 INFO  Leclerc:173 - GILET “TISSAIA”
2015-03-24 16:57:25 INFO  Leclerc:230 - http://nos-catalogues-promos.e-leclerc.com/Leclerc/operations/14246986005944/products/40534/img_zoom/15A07_V2_Page_80_Image_0010.jpg
2015-03-24 16:57:25 INFO  Leclerc:231 - 40534
2015-03-24 16:57:25 INFO  ScpTask:41 - start download :http://nos-catalogues-promos.e-leclerc.com/Leclerc/operations/14246986005944/products/40534/img_zoom/15A07_V2_Page_80_Image_0010.jpg
2015-03-24 16:57:25 INFO  Leclerc:173 - ROBE
2015-03-24 16:57:25 INFO  Leclerc:230 - http://nos-catalogues-promos.e-leclerc.com/Leclerc/operations/14246986005944/products/40537/img_zoom/15H11_V2_Page_99_Image_0002.jpg
2015-03-24 16:57:25 INFO  Leclerc:231 - 40537
2015-03-24 16:57:25 INFO  ScpTask:41 - start download :http://nos-catalogues-promos.e-leclerc.com/Leclerc/operations/14246986005944/products/40537/img_zoom/15H11_V2_Page_99_Image_0002.jpg
2015-03-24 16:57:26 INFO  Leclerc:173 - ENSEMBLE 3 PIÈCES “ TISSAIA”
2015-03-24 16:57:26 INFO  Leclerc:230 - http://nos-catalogues-promos.e-leclerc.com/Leclerc/operations/14246986005944/products/41044/img_zoom/15A07_V2_Page_83_Image_0001.jpg
2015-03-24 16:57:26 INFO  Leclerc:231 - 41044
2015-03-24 16:57:26 INFO  ScpTask:41 - start download :http://nos-catalogues-promos.e-leclerc.com/Leclerc/operations/14246986005944/products/41044/img_zoom/15A07_V2_Page_83_Image_0001.jpg
2015-03-24 16:57:26 INFO  Leclerc:173 - CARDIGAN “TISSAIA”
2015-03-24 16:57:27 INFO  Leclerc:230 - http://nos-catalogues-promos.e-leclerc.com/Leclerc/operations/14246986005944/products/40556/img_zoom/15H11_V2_Page_102_Image_0008.jpg
2015-03-24 16:57:27 INFO  Leclerc:231 - 40556
2015-03-24 16:57:27 INFO  ScpTask:41 - start download :http://nos-catalogues-promos.e-leclerc.com/Leclerc/operations/14246986005944/products/40556/img_zoom/15H11_V2_Page_102_Image_0008.jpg
2015-03-24 16:57:27 INFO  Leclerc:173 - ROBE “TISSAIA”
2015-03-24 16:57:28 INFO  Leclerc:230 - http://nos-catalogues-promos.e-leclerc.com/Leclerc/operations/14246986005944/products/40557/img_zoom/15H11_V2_Page_102_Image_0008.jpg
2015-03-24 16:57:28 INFO  Leclerc:231 - 40557
2015-03-24 16:57:28 INFO  ScpTask:41 - start download :http://nos-catalogues-promos.e-leclerc.com/Leclerc/operations/14246986005944/products/40557/img_zoom/15H11_V2_Page_102_Image_0008.jpg
2015-03-24 16:57:28 INFO  Leclerc:173 - SALOME 1ER PAS “ TISSAIA”
2015-03-24 16:57:29 INFO  Leclerc:230 - http://nos-catalogues-promos.e-leclerc.com/Leclerc/operations/14246986005944/products/40555/img_zoom/15A07_V2_Page_83_Image_0002.jpg
2015-03-24 16:57:29 INFO  Leclerc:231 - 40555
2015-03-24 16:57:29 INFO  ScpTask:41 - start download :http://nos-catalogues-promos.e-leclerc.com/Leclerc/operations/14246986005944/products/40555/img_zoom/15A07_V2_Page_83_Image_0002.jpg
2015-03-24 16:57:29 INFO  Leclerc:173 - ENSEMBLE 2 PIÈCES “TISSAIA”
2015-03-24 16:57:29 INFO  Leclerc:230 - http://nos-catalogues-promos.e-leclerc.com/Leclerc/operations/14246986005944/products/40558/img_zoom/15H11_V2_Page_102_Image_0002.jpg
2015-03-24 16:57:29 INFO  Leclerc:231 - 40558
2015-03-24 16:57:29 INFO  ScpTask:41 - start download :http://nos-catalogues-promos.e-leclerc.com/Leclerc/operations/14246986005944/products/40558/img_zoom/15H11_V2_Page_102_Image_0002.jpg
2015-03-24 16:57:29 INFO  Leclerc:173 - ENSEMBLE 2 PIÈCES “TISSAIA”
2015-03-24 16:57:30 INFO  Leclerc:230 - http://nos-catalogues-promos.e-leclerc.com/Leclerc/operations/14246986005944/products/40565/img_zoom/15A07_V2_Page_84_Image_0001.jpg
2015-03-24 16:57:30 INFO  Leclerc:231 - 40565
2015-03-24 16:57:30 INFO  ScpTask:41 - start download :http://nos-catalogues-promos.e-leclerc.com/Leclerc/operations/14246986005944/products/40565/img_zoom/15A07_V2_Page_84_Image_0001.jpg
2015-03-24 16:57:30 INFO  Leclerc:173 - ROBE “ TISSAIA”
2015-03-24 16:57:31 INFO  Leclerc:230 - http://nos-catalogues-promos.e-leclerc.com/Leclerc/operations/14246986005944/products/40560/img_zoom/15A07_V2_Page_83_Image_0028.jpg
2015-03-24 16:57:31 INFO  Leclerc:231 - 40560
2015-03-24 16:57:31 INFO  ScpTask:41 - start download :http://nos-catalogues-promos.e-leclerc.com/Leclerc/operations/14246986005944/products/40560/img_zoom/15A07_V2_Page_83_Image_0028.jpg
2015-03-24 16:57:31 INFO  Leclerc:173 - PANTALON TAILLE AJUSTABLE “TISSAIA”
2015-03-24 16:57:32 INFO  Leclerc:230 - http://nos-catalogues-promos.e-leclerc.com/Leclerc/operations/14246986005944/products/40562/img_zoom/15A07_V2_Page_84_Image_0003.jpg
2015-03-24 16:57:32 INFO  Leclerc:231 - 40562
2015-03-24 16:57:32 INFO  ScpTask:41 - start download :http://nos-catalogues-promos.e-leclerc.com/Leclerc/operations/14246986005944/products/40562/img_zoom/15A07_V2_Page_84_Image_0003.jpg
2015-03-24 16:57:32 INFO  Leclerc:173 - TEE-SHIRT “DISNEY OU HELLO KITTY OU SMILEY”
2015-03-24 16:57:33 INFO  Leclerc:230 - http://nos-catalogues-promos.e-leclerc.com/Leclerc/operations/14246986005944/products/40561/img_zoom/15A07_V2_Page_84_Image_0030.jpg
2015-03-24 16:57:33 INFO  Leclerc:231 - 40561
2015-03-24 16:57:33 INFO  ScpTask:41 - start download :http://nos-catalogues-promos.e-leclerc.com/Leclerc/operations/14246986005944/products/40561/img_zoom/15A07_V2_Page_84_Image_0030.jpg
2015-03-24 16:57:33 INFO  Leclerc:173 - ENSEMBLE 2 PIÈCES ”TISSAIA”  
2015-03-24 16:57:33 INFO  Leclerc:230 - http://nos-catalogues-promos.e-leclerc.com/Leclerc/operations/14246986005944/products/40564/img_zoom/15H11_V2_Page_103_Image_0006.jpg
2015-03-24 16:57:33 INFO  Leclerc:231 - 40564
2015-03-24 16:57:33 INFO  ScpTask:41 - start download :http://nos-catalogues-promos.e-leclerc.com/Leclerc/operations/14246986005944/products/40564/img_zoom/15H11_V2_Page_103_Image_0006.jpg
2015-03-24 16:57:33 INFO  Leclerc:173 - ENSEMBLE 2 PIÈCES
2015-03-24 16:57:34 INFO  Leclerc:230 - http://nos-catalogues-promos.e-leclerc.com/Leclerc/operations/14246986005944/products/40566/img_zoom/15A07_V2_Page_84_Image_0004.jpg
2015-03-24 16:57:34 INFO  Leclerc:231 - 40566
2015-03-24 16:57:34 INFO  ScpTask:41 - start download :http://nos-catalogues-promos.e-leclerc.com/Leclerc/operations/14246986005944/products/40566/img_zoom/15A07_V2_Page_84_Image_0004.jpg
2015-03-24 16:57:34 INFO  Leclerc:173 - MONACO À L'EMMENTAL "BELIN"
2015-03-24 16:57:35 INFO  Leclerc:230 - http://nos-catalogues-promos.e-leclerc.com/Leclerc/operations/14246986005944/products/41137/img_zoom/15K08_V2_Page_40_Image_0011.jpg
2015-03-24 16:57:35 INFO  Leclerc:231 - 41137
2015-03-24 16:57:35 INFO  ScpTask:41 - start download :http://nos-catalogues-promos.e-leclerc.com/Leclerc/operations/14246986005944/products/41137/img_zoom/15K08_V2_Page_40_Image_0011.jpg
2015-03-24 16:57:38 INFO  Leclerc:117 - 15G106G-1
2015-03-24 16:57:38 INFO  Leclerc:118 - http://nos-catalogues-promos.e-leclerc.com/Leclerc/operations/14250401005955/catalogs/1/catalog.xml
2015-03-24 16:57:38 INFO  Leclerc:136 - uniqueIDDDDDDDDDDDDDDD:15G106G-1
2015-03-24 16:57:39 INFO  Leclerc:248 - ens_leclerc3/cat_15g106g-1/cover.jpg
2015-03-24 16:57:39 INFO  ScpTask:41 - start download :http://nos-catalogues-promos.e-leclerc.com/Leclerc/operations/14250401005955/catalogs/1/pages/zoom/6.jpg
2015-03-24 16:57:39 INFO  ScpTask:41 - start download :http://nos-catalogues-promos.e-leclerc.com/Leclerc/operations/14250401005955/catalogs/1/pages/zoom/5.jpg
2015-03-24 16:57:39 INFO  ScpTask:41 - start download :http://nos-catalogues-promos.e-leclerc.com/Leclerc/operations/14250401005955/catalogs/1/pages/zoom/8.jpg
2015-03-24 16:57:39 INFO  ScpTask:41 - start download :http://nos-catalogues-promos.e-leclerc.com/Leclerc/operations/14250401005955/catalogs/1/pages/zoom/7.jpg
2015-03-24 16:57:39 INFO  ScpTask:41 - start download :http://nos-catalogues-promos.e-leclerc.com/Leclerc/operations/14250401005955/catalogs/1/pages/zoom/3.jpg
2015-03-24 16:57:39 INFO  Leclerc:173 - OEUF PELUCHE PETILLOUS 12 CM ENV.
2015-03-24 16:57:53 INFO  ScpTask:41 - start download :http://nos-catalogues-promos.e-leclerc.com/Leclerc/operations/14250401005955/catalogs/1/pages/zoom/4.jpg
2015-03-24 16:57:54 INFO  ScpTask:41 - start download :http://nos-catalogues-promos.e-leclerc.com/Leclerc/operations/14250401005955/catalogs/1/pages/zoom/2.jpg
2015-03-24 16:57:57 INFO  ScpTask:41 - start download :http://nos-catalogues-promos.e-leclerc.com/Leclerc/operations/14250401005955/catalogs/1/pages/zoom/1.jpg
2015-03-24 16:57:58 INFO  Leclerc:230 - http://nos-catalogues-promos.e-leclerc.com/Leclerc/operations/14250401005955/products/40000/img_zoom/15G106_V1_Page_02_Image_0001.jpg
2015-03-24 16:57:58 INFO  Leclerc:231 - 40000
2015-03-24 16:57:58 INFO  Leclerc:173 - OEUF BULLES DE SAVON
2015-03-24 16:58:05 INFO  ScpTask:41 - start download :http://nos-catalogues-promos.e-leclerc.com/Leclerc/operations/14250401005955/products/40000/img_zoom/15G106_V1_Page_02_Image_0001.jpg
2015-03-24 16:58:10 INFO  Leclerc:230 - http://nos-catalogues-promos.e-leclerc.com/Leclerc/operations/14250401005955/products/40004/img_zoom/pop_OeufsBullesavon.jpg
2015-03-24 16:58:10 INFO  Leclerc:231 - 40004
2015-03-24 16:58:10 INFO  ScpTask:41 - start download :http://nos-catalogues-promos.e-leclerc.com/Leclerc/operations/14250401005955/products/40004/img_zoom/pop_OeufsBullesavon.jpg
2015-03-24 16:58:11 INFO  Leclerc:173 - OEUF DÉGUISEMENT PRINCESSE OU PIRATE
2015-03-24 16:58:14 INFO  Leclerc:230 - http://nos-catalogues-promos.e-leclerc.com/Leclerc/operations/14250401005955/products/40005/img_zoom/pop_15G106_V1_Page_02_Image_0013.jpg
2015-03-24 16:58:14 INFO  Leclerc:231 - 40005
2015-03-24 16:58:14 INFO  ScpTask:41 - start download :http://nos-catalogues-promos.e-leclerc.com/Leclerc/operations/14250401005955/products/40005/img_zoom/pop_15G106_V1_Page_02_Image_0013.jpg
2015-03-24 16:58:14 INFO  Leclerc:173 - OEUF D’ACTIVITÉS REINE DES NEIGES OU PRINCESSES
2015-03-24 16:58:15 INFO  Leclerc:230 - http://nos-catalogues-promos.e-leclerc.com/Leclerc/operations/14250401005955/products/40006/img_zoom/pop_15G106_V1_Page_03_Image_0001.jpg
2015-03-24 16:58:15 INFO  Leclerc:231 - 40006
2015-03-24 16:58:15 INFO  ScpTask:41 - start download :http://nos-catalogues-promos.e-leclerc.com/Leclerc/operations/14250401005955/products/40006/img_zoom/pop_15G106_V1_Page_03_Image_0001.jpg
2015-03-24 16:58:15 INFO  Leclerc:173 - SURPRISE DE PERLES DISNEY PRINCESSES OU VALISETTE DUO DE PERLES MINNIE
2015-03-24 16:58:16 INFO  Leclerc:230 - http://nos-catalogues-promos.e-leclerc.com/Leclerc/operations/14250401005955/products/40007/img_zoom/pop_15G106_V1_Page_03_Image_0002.jpg
2015-03-24 16:58:16 INFO  Leclerc:231 - 40007
2015-03-24 16:58:16 INFO  ScpTask:41 - start download :http://nos-catalogues-promos.e-leclerc.com/Leclerc/operations/14250401005955/products/40007/img_zoom/pop_15G106_V1_Page_03_Image_0002.jpg
2015-03-24 16:58:16 INFO  Leclerc:173 - PANIER MÉTAL 4 OEUFS À PEINDRE
2015-03-24 16:58:19 INFO  Leclerc:230 - http://nos-catalogues-promos.e-leclerc.com/Leclerc/operations/14250401005955/products/40008/img_zoom/pop_15G106_V1_Page_03_Image_0009.jpg
2015-03-24 16:58:19 INFO  Leclerc:231 - 40008
2015-03-24 16:58:19 INFO  ScpTask:41 - start download :http://nos-catalogues-promos.e-leclerc.com/Leclerc/operations/14250401005955/products/40008/img_zoom/pop_15G106_V1_Page_03_Image_0009.jpg
2015-03-24 16:58:19 INFO  Leclerc:173 - DUO DE PÂTE À MODELER HELLO KITTY OU BARBAPAPA
2015-03-24 16:58:20 INFO  Leclerc:230 - http://nos-catalogues-promos.e-leclerc.com/Leclerc/operations/14250401005955/products/40009/img_zoom/pop_15G106_V1_Page_03_Image_0003.jpg
2015-03-24 16:58:20 INFO  Leclerc:231 - 40009
2015-03-24 16:58:20 INFO  ScpTask:41 - start download :http://nos-catalogues-promos.e-leclerc.com/Leclerc/operations/14250401005955/products/40009/img_zoom/pop_15G106_V1_Page_03_Image_0003.jpg
2015-03-24 16:58:20 INFO  Leclerc:173 - 3 CRAYONS À LA CIRE EN FORME D’OEUF
2015-03-24 16:58:20 INFO  Leclerc:230 - http://nos-catalogues-promos.e-leclerc.com/Leclerc/operations/14250401005955/products/40010/img_zoom/pop_15G106_V1_Page_03_Image_0010.jpg
2015-03-24 16:58:20 INFO  Leclerc:231 - 40010
2015-03-24 16:58:20 INFO  ScpTask:41 - start download :http://nos-catalogues-promos.e-leclerc.com/Leclerc/operations/14250401005955/products/40010/img_zoom/pop_15G106_V1_Page_03_Image_0010.jpg
2015-03-24 16:58:21 INFO  Leclerc:173 - OEUF SURPRISE FILLE OU GARÇON
2015-03-24 16:58:21 INFO  Leclerc:230 - http://nos-catalogues-promos.e-leclerc.com/Leclerc/operations/14250401005955/products/40012/img_zoom/pop_15G106_V1_Page_04_Image_0001.jpg
2015-03-24 16:58:21 INFO  Leclerc:231 - 40012
2015-03-24 16:58:21 INFO  ScpTask:41 - start download :http://nos-catalogues-promos.e-leclerc.com/Leclerc/operations/14250401005955/products/40012/img_zoom/pop_15G106_V1_Page_04_Image_0001.jpg
2015-03-24 16:58:21 INFO  Leclerc:173 - OEUF PLAYSET ANIMAUX
2015-03-24 16:58:22 INFO  Leclerc:230 - http://nos-catalogues-promos.e-leclerc.com/Leclerc/operations/14250401005955/products/40014/img_zoom/pop_15G106_V1_Page_04_Image_0003.jpg
2015-03-24 16:58:22 INFO  Leclerc:231 - 40014
2015-03-24 16:58:22 INFO  ScpTask:41 - start download :http://nos-catalogues-promos.e-leclerc.com/Leclerc/operations/14250401005955/products/40014/img_zoom/pop_15G106_V1_Page_04_Image_0003.jpg
2015-03-24 16:58:22 INFO  Leclerc:173 - OEUF SURPRISE “DISNEY”
2015-03-24 16:58:23 INFO  Leclerc:230 - http://nos-catalogues-promos.e-leclerc.com/Leclerc/operations/14250401005955/products/40016/img_zoom/pop_15G106_V1_Page_05_Image_0007.jpg
2015-03-24 16:58:23 INFO  Leclerc:231 - 40016
2015-03-24 16:58:23 INFO  ScpTask:41 - start download :http://nos-catalogues-promos.e-leclerc.com/Leclerc/operations/14250401005955/products/40016/img_zoom/pop_15G106_V1_Page_05_Image_0007.jpg
2015-03-24 16:58:23 INFO  Leclerc:173 - OEUFS SURPRISE
2015-03-24 16:58:24 INFO  Leclerc:230 - http://nos-catalogues-promos.e-leclerc.com/Leclerc/operations/14250401005955/products/40017/img_zoom/pop_15G106_V1_Page_05_Image_0008.jpg
2015-03-24 16:58:24 INFO  Leclerc:231 - 40017
2015-03-24 16:58:24 INFO  ScpTask:41 - start download :http://nos-catalogues-promos.e-leclerc.com/Leclerc/operations/14250401005955/products/40017/img_zoom/pop_15G106_V1_Page_05_Image_0008.jpg
2015-03-24 16:58:24 INFO  Leclerc:173 - MOULAGE EN CHOCOLAT DE LAPIN “TECH”
2015-03-24 16:58:24 INFO  Leclerc:230 - http://nos-catalogues-promos.e-leclerc.com/Leclerc/operations/14250401005955/products/40018/img_zoom/pop_15G106_V1_Page_05_Image_0005.jpg
2015-03-24 16:58:24 INFO  Leclerc:231 - 40018
2015-03-24 16:58:24 INFO  ScpTask:41 - start download :http://nos-catalogues-promos.e-leclerc.com/Leclerc/operations/14250401005955/products/40018/img_zoom/pop_15G106_V1_Page_05_Image_0005.jpg
2015-03-24 16:58:24 INFO  Leclerc:173 - OEUF EN CHOCOLAT AU LAIT “KINNERTON”
2015-03-24 16:58:25 INFO  Leclerc:230 - http://nos-catalogues-promos.e-leclerc.com/Leclerc/operations/14250401005955/products/40019/img_zoom/pop_15G106_V1_Page_05_Image_0006.jpg
2015-03-24 16:58:25 INFO  Leclerc:231 - 40019
2015-03-24 16:58:25 INFO  ScpTask:41 - start download :http://nos-catalogues-promos.e-leclerc.com/Leclerc/operations/14250401005955/products/40019/img_zoom/pop_15G106_V1_Page_05_Image_0006.jpg
2015-03-24 16:58:25 INFO  Leclerc:173 - MOULAGE D’OURS EN SALOPETTE EN CHOCOLAT “RIEGELEIN”
2015-03-24 16:58:26 INFO  Leclerc:230 - http://nos-catalogues-promos.e-leclerc.com/Leclerc/operations/14250401005955/products/40020/img_zoom/pop_15G106_V1_Page_05_Image_0001.jpg
2015-03-24 16:58:26 INFO  Leclerc:231 - 40020
2015-03-24 16:58:26 INFO  ScpTask:41 - start download :http://nos-catalogues-promos.e-leclerc.com/Leclerc/operations/14250401005955/products/40020/img_zoom/pop_15G106_V1_Page_05_Image_0001.jpg
2015-03-24 16:58:26 INFO  Leclerc:173 - MOULAGES DE LAPINS “PÂQUES A LA FERME DE ABTEY”
2015-03-24 16:58:27 INFO  Leclerc:230 - http://nos-catalogues-promos.e-leclerc.com/Leclerc/operations/14250401005955/products/40021/img_zoom/pop_15G106_V1_Page_05_Image_0002.jpg
2015-03-24 16:58:27 INFO  Leclerc:231 - 40021
2015-03-24 16:58:27 INFO  ScpTask:41 - start download :http://nos-catalogues-promos.e-leclerc.com/Leclerc/operations/14250401005955/products/40021/img_zoom/pop_15G106_V1_Page_05_Image_0002.jpg
2015-03-24 16:58:27 INFO  Leclerc:173 - MOULAGES DE LIÈVRES EN CHOCOLAT “TONKEY’S”
2015-03-24 16:58:27 INFO  Leclerc:230 - http://nos-catalogues-promos.e-leclerc.com/Leclerc/operations/14250401005955/products/40022/img_zoom/pop_15G106_V1_Page_06_Image_0005.jpg
2015-03-24 16:58:27 INFO  Leclerc:231 - 40022
2015-03-24 16:58:27 INFO  ScpTask:41 - start download :http://nos-catalogues-promos.e-leclerc.com/Leclerc/operations/14250401005955/products/40022/img_zoom/pop_15G106_V1_Page_06_Image_0005.jpg
2015-03-24 16:58:27 INFO  Leclerc:173 - SUCETTES EN CONFISERIE “MALLOW POP DE FIZZY”
2015-03-24 16:58:28 INFO  Leclerc:230 - http://nos-catalogues-promos.e-leclerc.com/Leclerc/operations/14250401005955/products/40023/img_zoom/pop_15G106_V1_Page_06_Image_0002.jpg
2015-03-24 16:58:28 INFO  Leclerc:231 - 40023
2015-03-24 16:58:28 INFO  ScpTask:41 - start download :http://nos-catalogues-promos.e-leclerc.com/Leclerc/operations/14250401005955/products/40023/img_zoom/pop_15G106_V1_Page_06_Image_0002.jpg
2015-03-24 16:58:28 INFO  Leclerc:173 - MOULAGE EN CHOCOLAT “ROHAN”
2015-03-24 16:58:29 INFO  Leclerc:230 - http://nos-catalogues-promos.e-leclerc.com/Leclerc/operations/14250401005955/products/40024/img_zoom/pop_15G106_V1_Page_06_Image_0003.jpg
2015-03-24 16:58:29 INFO  Leclerc:231 - 40024
2015-03-24 16:58:29 INFO  ScpTask:41 - start download :http://nos-catalogues-promos.e-leclerc.com/Leclerc/operations/14250401005955/products/40024/img_zoom/pop_15G106_V1_Page_06_Image_0003.jpg
2015-03-24 16:58:29 INFO  Leclerc:173 - TUBE DE PASTILLES EN CHOCOLAT
2015-03-24 16:58:31 INFO  Leclerc:230 - http://nos-catalogues-promos.e-leclerc.com/Leclerc/operations/14250401005955/products/40025/img_zoom/pop_15G106_V1_Page_06_Image_0004.jpg
2015-03-24 16:58:31 INFO  Leclerc:231 - 40025
2015-03-24 16:58:31 INFO  ScpTask:41 - start download :http://nos-catalogues-promos.e-leclerc.com/Leclerc/operations/14250401005955/products/40025/img_zoom/pop_15G106_V1_Page_06_Image_0004.jpg
2015-03-24 16:58:31 INFO  Leclerc:173 - MOULAGE EN CHOCOLAT “CEMOI”
2015-03-24 16:58:32 INFO  Leclerc:230 - http://nos-catalogues-promos.e-leclerc.com/Leclerc/operations/14250401005955/products/40026/img_zoom/pop_15G106_V1_Page_06_Image_0001.jpg
2015-03-24 16:58:32 INFO  Leclerc:231 - 40026
2015-03-24 16:58:32 INFO  ScpTask:41 - start download :http://nos-catalogues-promos.e-leclerc.com/Leclerc/operations/14250401005955/products/40026/img_zoom/pop_15G106_V1_Page_06_Image_0001.jpg
2015-03-24 16:58:32 INFO  Leclerc:173 - CHOCOLATS AU COEUR CROUSTILLANT LAIT “SUCHARD”
2015-03-24 16:58:33 INFO  Leclerc:230 - http://nos-catalogues-promos.e-leclerc.com/Leclerc/operations/14250401005955/products/40027/img_zoom/pop_15G106_V1_Page_07_Image_0003.jpg
2015-03-24 16:58:33 INFO  Leclerc:231 - 40027
2015-03-24 16:58:33 INFO  ScpTask:41 - start download :http://nos-catalogues-promos.e-leclerc.com/Leclerc/operations/14250401005955/products/40027/img_zoom/pop_15G106_V1_Page_07_Image_0003.jpg
2015-03-24 16:58:33 INFO  Leclerc:173 - FRITURE DE CHOCOLAT “REVILLON”
2015-03-24 16:58:34 INFO  Leclerc:230 - http://nos-catalogues-promos.e-leclerc.com/Leclerc/operations/14250401005955/products/40028/img_zoom/pop_15G106_V1_Page_07_Image_0001.jpg
2015-03-24 16:58:34 INFO  Leclerc:231 - 40028
2015-03-24 16:58:34 INFO  ScpTask:41 - start download :http://nos-catalogues-promos.e-leclerc.com/Leclerc/operations/14250401005955/products/40028/img_zoom/pop_15G106_V1_Page_07_Image_0001.jpg
2015-03-24 16:58:34 INFO  Leclerc:173 - PETITS OEUFS EN CHOCOLAT FOURRÉS “NOVI”
2015-03-24 16:58:35 INFO  Leclerc:230 - http://nos-catalogues-promos.e-leclerc.com/Leclerc/operations/14250401005955/products/40029/img_zoom/pop_15G106_V1_Page_07_Image_0002.jpg
2015-03-24 16:58:35 INFO  Leclerc:231 - 40029
2015-03-24 16:58:35 INFO  ScpTask:41 - start download :http://nos-catalogues-promos.e-leclerc.com/Leclerc/operations/14250401005955/products/40029/img_zoom/pop_15G106_V1_Page_07_Image_0002.jpg
2015-03-24 16:58:35 INFO  Leclerc:173 - “AFTER EIGHT” MENTHE
2015-03-24 16:58:35 INFO  Leclerc:230 - http://nos-catalogues-promos.e-leclerc.com/Leclerc/operations/14250401005955/products/40030/img_zoom/pop_15G106_V1_Page_07_Image_0006.jpg
2015-03-24 16:58:35 INFO  Leclerc:231 - 40030
2015-03-24 16:58:35 INFO  ScpTask:41 - start download :http://nos-catalogues-promos.e-leclerc.com/Leclerc/operations/14250401005955/products/40030/img_zoom/pop_15G106_V1_Page_07_Image_0006.jpg
2015-03-24 16:58:35 INFO  Leclerc:173 - PETITS OEUFS EN CHOCOLAT AU LAIT “ASSORTIMENT VICHY DE CEMOI”
2015-03-24 16:58:36 INFO  Leclerc:230 - http://nos-catalogues-promos.e-leclerc.com/Leclerc/operations/14250401005955/products/40031/img_zoom/pop_15G106_V1_Page_07_Image_0005.jpg
2015-03-24 16:58:36 INFO  Leclerc:231 - 40031
2015-03-24 16:58:36 INFO  ScpTask:41 - start download :http://nos-catalogues-promos.e-leclerc.com/Leclerc/operations/14250401005955/products/40031/img_zoom/pop_15G106_V1_Page_07_Image_0005.jpg
2015-03-24 16:58:36 INFO  Leclerc:173 - ASSORTIMENT DE PETITS OEUFS “DROLES DE COCOS DE MOTTA” “MOTTA” 3 VARIÉTÉS AU CHOIX
2015-03-24 16:58:37 INFO  Leclerc:230 - http://nos-catalogues-promos.e-leclerc.com/Leclerc/operations/14250401005955/products/40032/img_zoom/pop_15G106_V1_Page_07_Image_0004.jpg
2015-03-24 16:58:37 INFO  Leclerc:231 - 40032
2015-03-24 16:58:37 INFO  ScpTask:41 - start download :http://nos-catalogues-promos.e-leclerc.com/Leclerc/operations/14250401005955/products/40032/img_zoom/pop_15G106_V1_Page_07_Image_0004.jpg
2015-03-24 16:58:37 INFO  Leclerc:173 - OPÉRATION CARS & PLANES*
2015-03-24 16:58:38 INFO  Leclerc:230 - http://nos-catalogues-promos.e-leclerc.com/Leclerc/operations/14250401005955/products/40033/img_zoom/pop_15G106_V1_Page_08_Image_0004.jpg
2015-03-24 16:58:38 INFO  Leclerc:231 - 40033
2015-03-24 16:58:38 INFO  ScpTask:41 - start download :http://nos-catalogues-promos.e-leclerc.com/Leclerc/operations/14250401005955/products/40033/img_zoom/pop_15G106_V1_Page_08_Image_0004.jpg
2015-03-24 16:58:38 INFO  Leclerc:173 - OPÉRATION TOM-TOM ET NANA*
2015-03-24 16:58:42 INFO  Leclerc:230 - http://nos-catalogues-promos.e-leclerc.com/Leclerc/operations/14250401005955/products/40034/img_zoom/pop_15G106_V1_Page_08_Image_0003.jpg
2015-03-24 16:58:42 INFO  Leclerc:231 - 40034
2015-03-24 16:58:42 INFO  ScpTask:41 - start download :http://nos-catalogues-promos.e-leclerc.com/Leclerc/operations/14250401005955/products/40034/img_zoom/pop_15G106_V1_Page_08_Image_0003.jpg
2015-03-24 16:58:42 INFO  Leclerc:173 - OPÉRATION CD (2)
2015-03-24 16:58:43 INFO  Leclerc:230 - http://nos-catalogues-promos.e-leclerc.com/Leclerc/operations/14250401005955/products/40035/img_zoom/pop_15G106_V1_Page_08_Image_0001.jpg
2015-03-24 16:58:43 INFO  Leclerc:231 - 40035
2015-03-24 16:58:43 INFO  ScpTask:41 - start download :http://nos-catalogues-promos.e-leclerc.com/Leclerc/operations/14250401005955/products/40035/img_zoom/pop_15G106_V1_Page_08_Image_0001.jpg
2015-03-24 16:58:43 INFO  Leclerc:173 - CONSOLE NEW NINTENDO 3DS
2015-03-24 16:58:44 INFO  Leclerc:230 - http://nos-catalogues-promos.e-leclerc.com/Leclerc/operations/14250401005955/products/40036/img_zoom/pop_15G106_V1_Page_08_Image_0014.jpg
2015-03-24 16:58:44 INFO  Leclerc:231 - 40036
2015-03-24 16:58:44 INFO  ScpTask:41 - start download :http://nos-catalogues-promos.e-leclerc.com/Leclerc/operations/14250401005955/products/40036/img_zoom/pop_15G106_V1_Page_08_Image_0014.jpg
2015-03-24 16:58:44 INFO  Leclerc:173 - DARKS SOULS II : SCHOLAR OF THE FIRST SIN PS4
2015-03-24 16:58:45 INFO  Leclerc:230 - http://nos-catalogues-promos.e-leclerc.com/Leclerc/operations/14250401005955/products/40037/img_zoom/pop_15G106_V1_Page_08_Image_0013.jpg
2015-03-24 16:58:45 INFO  Leclerc:231 - 40037
2015-03-24 16:58:45 INFO  ScpTask:41 - start download :http://nos-catalogues-promos.e-leclerc.com/Leclerc/operations/14250401005955/products/40037/img_zoom/pop_15G106_V1_Page_08_Image_0013.jpg
2015-03-24 16:58:45 INFO  Leclerc:117 - 15Q003-1
2015-03-24 16:58:45 INFO  Leclerc:118 - http://nos-catalogues-promos.e-leclerc.com/Leclerc/operations/14240930005916/catalogs/1/catalog.xml
2015-03-24 16:58:45 INFO  Leclerc:136 - uniqueIDDDDDDDDDDDDDDD:15Q003-1
2015-03-24 16:58:46 INFO  Leclerc:117 - 15D003-1
2015-03-24 16:58:46 INFO  Leclerc:118 - http://nos-catalogues-promos.e-leclerc.com/Leclerc/operations/14224376005861/catalogs/1/catalog.xml
2015-03-24 16:58:47 INFO  Leclerc:136 - uniqueIDDDDDDDDDDDDDDD:15D003-1
2015-03-24 16:58:48 INFO  Leclerc:117 - 15D001-1
2015-03-24 16:58:48 INFO  Leclerc:118 - http://nos-catalogues-promos.e-leclerc.com/Leclerc/operations/14189818005717/catalogs/1/catalog.xml
2015-03-24 16:58:48 INFO  Leclerc:136 - uniqueIDDDDDDDDDDDDDDD:15D001-1
2015-03-24 16:58:51 INFO  Leclerc:77 - 2/595
2015-03-24 16:58:51 INFO  Leclerc:78 - uniqueIDDDDDDDDDDDDDDD:http://www.e-leclerc.com/beynost
2015-03-24 16:58:55 INFO  Leclerc:117 - 15E004-2
2015-03-24 16:58:55 INFO  Leclerc:118 - http://nos-catalogues-promos.e-leclerc.com/Leclerc/operations/14246891005941/catalogs/2/catalog.xml
2015-03-24 16:58:56 INFO  Leclerc:136 - uniqueIDDDDDDDDDDDDDDD:15E004-2
2015-03-24 16:58:57 INFO  Leclerc:117 - 15G006G-24
2015-03-24 16:58:57 INFO  Leclerc:118 - http://nos-catalogues-promos.e-leclerc.com/Leclerc/operations/14246986005944/catalogs/24/catalog.xml
2015-03-24 16:58:57 INFO  Leclerc:136 - uniqueIDDDDDDDDDDDDDDD:15G006G-24
2015-03-24 16:58:58 INFO  Leclerc:117 - 15G090Q-1
2015-03-24 16:58:58 INFO  Leclerc:118 - http://nos-catalogues-promos.e-leclerc.com/Leclerc/operations/14247780005946/catalogs/1/catalog.xml
2015-03-24 16:58:59 INFO  Leclerc:136 - uniqueIDDDDDDDDDDDDDDD:15G090Q-1
2015-03-24 16:58:59 INFO  Leclerc:117 - 15G106G-2
2015-03-24 16:58:59 INFO  Leclerc:118 - http://nos-catalogues-promos.e-leclerc.com/Leclerc/operations/14250401005955/catalogs/2/catalog.xml
2015-03-24 16:59:00 INFO  Leclerc:136 - uniqueIDDDDDDDDDDDDDDD:15G106G-2
2015-03-24 16:59:00 INFO  Leclerc:117 - 15C007K-1
2015-03-24 16:59:00 INFO  Leclerc:118 - http://nos-catalogues-promos.e-leclerc.com/Leclerc/operations/14250229005954/catalogs/1/catalog.xml
2015-03-24 16:59:01 INFO  Leclerc:136 - uniqueIDDDDDDDDDDDDDDD:15C007K-1
2015-03-24 16:59:01 INFO  Leclerc:117 - 15Q003-1
2015-03-24 16:59:01 INFO  Leclerc:118 - http://nos-catalogues-promos.e-leclerc.com/Leclerc/operations/14240930005916/catalogs/1/catalog.xml
2015-03-24 16:59:01 INFO  Leclerc:136 - uniqueIDDDDDDDDDDDDDDD:15Q003-1
2015-03-24 16:59:02 INFO  Leclerc:117 - 15D003-1
2015-03-24 16:59:02 INFO  Leclerc:118 - http://nos-catalogues-promos.e-leclerc.com/Leclerc/operations/14224376005861/catalogs/1/catalog.xml
2015-03-24 16:59:02 INFO  Leclerc:136 - uniqueIDDDDDDDDDDDDDDD:15D003-1
2015-03-24 16:59:03 INFO  Leclerc:117 - 15G019G-1
2015-03-24 16:59:03 INFO  Leclerc:118 - http://nos-catalogues-promos.e-leclerc.com/Leclerc/operations/14207107005771/catalogs/1/catalog.xml
2015-03-24 16:59:03 INFO  Leclerc:136 - uniqueIDDDDDDDDDDDDDDD:15G019G-1
2015-03-24 16:59:04 INFO  Leclerc:117 - 15D001-1
2015-03-24 16:59:04 INFO  Leclerc:118 - http://nos-catalogues-promos.e-leclerc.com/Leclerc/operations/14189818005717/catalogs/1/catalog.xml
2015-03-24 16:59:04 INFO  Leclerc:136 - uniqueIDDDDDDDDDDDDDDD:15D001-1
2015-03-24 16:59:07 INFO  Leclerc:77 - 3/595
2015-03-24 16:59:07 INFO  Leclerc:78 - uniqueIDDDDDDDDDDDDDDD:http://www.e-leclerc.com/chambry
2015-03-24 16:59:15 INFO  Leclerc:77 - 4/595
2015-03-24 16:59:15 INFO  Leclerc:78 - uniqueIDDDDDDDDDDDDDDD:http://www.e-leclerc.com/harly
2015-03-24 16:59:21 INFO  Leclerc:117 - 15G006G-13
2015-03-24 16:59:21 INFO  Leclerc:118 - http://nos-catalogues-promos.e-leclerc.com/Leclerc/operations/14246986005944/catalogs/13/catalog.xml
2015-03-24 16:59:21 INFO  Leclerc:136 - uniqueIDDDDDDDDDDDDDDD:15G006G-13
2015-03-24 16:59:23 INFO  Leclerc:117 - 15G106G-2
2015-03-24 16:59:23 INFO  Leclerc:118 - http://nos-catalogues-promos.e-leclerc.com/Leclerc/operations/14250401005955/catalogs/2/catalog.xml
2015-03-24 16:59:23 INFO  Leclerc:136 - uniqueIDDDDDDDDDDDDDDD:15G106G-2
2015-03-24 16:59:24 INFO  Leclerc:117 - 15C007C-1
2015-03-24 16:59:24 INFO  Leclerc:118 - http://nos-catalogues-promos.e-leclerc.com/Leclerc/operations/14246970005942/catalogs/1/catalog.xml
2015-03-24 16:59:24 INFO  Leclerc:136 - uniqueIDDDDDDDDDDDDDDD:15C007C-1
2015-03-24 16:59:24 INFO  Leclerc:117 - 15D003-1
2015-03-24 16:59:24 INFO  Leclerc:118 - http://nos-catalogues-promos.e-leclerc.com/Leclerc/operations/14224376005861/catalogs/1/catalog.xml
2015-03-24 16:59:24 INFO  Leclerc:136 - uniqueIDDDDDDDDDDDDDDD:15D003-1
2015-03-24 16:59:25 INFO  Leclerc:117 - 15G019G-1
2015-03-24 16:59:25 INFO  Leclerc:118 - http://nos-catalogues-promos.e-leclerc.com/Leclerc/operations/14207107005771/catalogs/1/catalog.xml
2015-03-24 16:59:26 INFO  Leclerc:136 - uniqueIDDDDDDDDDDDDDDD:15G019G-1
2015-03-24 16:59:27 INFO  Leclerc:117 - 15D001-1
2015-03-24 16:59:27 INFO  Leclerc:118 - http://nos-catalogues-promos.e-leclerc.com/Leclerc/operations/14189818005717/catalogs/1/catalog.xml
2015-03-24 16:59:27 INFO  Leclerc:136 - uniqueIDDDDDDDDDDDDDDD:15D001-1
2015-03-24 16:59:31 INFO  Leclerc:77 - 5/595
2015-03-24 16:59:31 INFO  Leclerc:78 - uniqueIDDDDDDDDDDDDDDD:http://www.e-leclerc.com/chateau-thierry
2015-03-24 16:59:37 INFO  Leclerc:117 - 15G006G-13
2015-03-24 16:59:37 INFO  Leclerc:118 - http://nos-catalogues-promos.e-leclerc.com/Leclerc/operations/14246986005944/catalogs/13/catalog.xml
2015-03-24 16:59:37 INFO  Leclerc:136 - uniqueIDDDDDDDDDDDDDDD:15G006G-13
2015-03-24 16:59:38 INFO  Leclerc:117 - 15G106G-2
2015-03-24 16:59:38 INFO  Leclerc:118 - http://nos-catalogues-promos.e-leclerc.com/Leclerc/operations/14250401005955/catalogs/2/catalog.xml
2015-03-24 16:59:38 INFO  Leclerc:136 - uniqueIDDDDDDDDDDDDDDD:15G106G-2
2015-03-24 16:59:39 INFO  Leclerc:117 - 15C007C-1
2015-03-24 16:59:39 INFO  Leclerc:118 - http://nos-catalogues-promos.e-leclerc.com/Leclerc/operations/14246970005942/catalogs/1/catalog.xml
2015-03-24 16:59:39 INFO  Leclerc:136 - uniqueIDDDDDDDDDDDDDDD:15C007C-1
2015-03-24 16:59:40 INFO  Leclerc:117 - 15G019G-1
2015-03-24 16:59:40 INFO  Leclerc:118 - http://nos-catalogues-promos.e-leclerc.com/Leclerc/operations/14207107005771/catalogs/1/catalog.xml
2015-03-24 16:59:40 INFO  Leclerc:136 - uniqueIDDDDDDDDDDDDDDD:15G019G-1
2015-03-24 16:59:43 INFO  Leclerc:77 - 6/595
2015-03-24 16:59:43 INFO  Leclerc:78 - uniqueIDDDDDDDDDDDDDDD:http://www.e-leclerc.com/hirson
2015-03-24 16:59:48 INFO  Leclerc:117 - 15G006G-10
2015-03-24 16:59:48 INFO  Leclerc:118 - http://nos-catalogues-promos.e-leclerc.com/Leclerc/operations/14246986005944/catalogs/10/catalog.xml
2015-03-24 16:59:49 INFO  Leclerc:136 - uniqueIDDDDDDDDDDDDDDD:15G006G-10
2015-03-24 16:59:49 INFO  Leclerc:117 - 15G106G-1
2015-03-24 16:59:49 INFO  Leclerc:118 - http://nos-catalogues-promos.e-leclerc.com/Leclerc/operations/14250401005955/catalogs/1/catalog.xml
2015-03-24 16:59:49 INFO  Leclerc:136 - uniqueIDDDDDDDDDDDDDDD:15G106G-1
2015-03-24 16:59:50 INFO  Leclerc:117 - 15C007C-1
2015-03-24 16:59:50 INFO  Leclerc:118 - http://nos-catalogues-promos.e-leclerc.com/Leclerc/operations/14246970005942/catalogs/1/catalog.xml
2015-03-24 16:59:50 INFO  Leclerc:136 - uniqueIDDDDDDDDDDDDDDD:15C007C-1
2015-03-24 16:59:51 INFO  Leclerc:117 - 15G019G-1
2015-03-24 16:59:51 INFO  Leclerc:118 - http://nos-catalogues-promos.e-leclerc.com/Leclerc/operations/14207107005771/catalogs/1/catalog.xml
2015-03-24 16:59:51 INFO  Leclerc:136 - uniqueIDDDDDDDDDDDDDDD:15G019G-1
2015-03-24 16:59:54 INFO  Leclerc:77 - 7/595
2015-03-24 16:59:54 INFO  Leclerc:78 - uniqueIDDDDDDDDDDDDDDD:http://www.e-leclerc.com/villers-cotterets
2015-03-24 16:59:59 INFO  Leclerc:117 - 15G005E-1
2015-03-24 16:59:59 INFO  Leclerc:118 - http://nos-catalogues-promos.e-leclerc.com/Leclerc/operations/14246973005943/catalogs/1/catalog.xml
2015-03-24 16:59:59 INFO  Leclerc:136 - uniqueIDDDDDDDDDDDDDDD:15G005E-1
2015-03-24 17:00:00 INFO  Leclerc:117 - 15G006G-13
2015-03-24 17:00:00 INFO  Leclerc:118 - http://nos-catalogues-promos.e-leclerc.com/Leclerc/operations/14246986005944/catalogs/13/catalog.xml
2015-03-24 17:00:01 INFO  Leclerc:136 - uniqueIDDDDDDDDDDDDDDD:15G006G-13
2015-03-24 17:00:03 INFO  Leclerc:117 - 15G106G-2
2015-03-24 17:00:03 INFO  Leclerc:118 - http://nos-catalogues-promos.e-leclerc.com/Leclerc/operations/14250401005955/catalogs/2/catalog.xml
2015-03-24 17:00:03 INFO  Leclerc:136 - uniqueIDDDDDDDDDDDDDDD:15G106G-2
2015-03-24 17:00:04 INFO  Leclerc:117 - 15C007C-1
2015-03-24 17:00:04 INFO  Leclerc:118 - http://nos-catalogues-promos.e-leclerc.com/Leclerc/operations/14246970005942/catalogs/1/catalog.xml
2015-03-24 17:00:05 INFO  Leclerc:136 - uniqueIDDDDDDDDDDDDDDD:15C007C-1
2015-03-24 17:00:06 INFO  Leclerc:117 - 15D003-1
2015-03-24 17:00:06 INFO  Leclerc:118 - http://nos-catalogues-promos.e-leclerc.com/Leclerc/operations/14224376005861/catalogs/1/catalog.xml
2015-03-24 17:00:06 INFO  Leclerc:136 - uniqueIDDDDDDDDDDDDDDD:15D003-1
2015-03-24 17:00:07 INFO  Leclerc:117 - 15G019G-1
2015-03-24 17:00:07 INFO  Leclerc:118 - http://nos-catalogues-promos.e-leclerc.com/Leclerc/operations/14207107005771/catalogs/1/catalog.xml
2015-03-24 17:00:08 INFO  Leclerc:136 - uniqueIDDDDDDDDDDDDDDD:15G019G-1
2015-03-24 17:00:08 INFO  Leclerc:117 - 15D001-1
2015-03-24 17:00:08 INFO  Leclerc:118 - http://nos-catalogues-promos.e-leclerc.com/Leclerc/operations/14189818005717/catalogs/1/catalog.xml
2015-03-24 17:00:08 INFO  Leclerc:136 - uniqueIDDDDDDDDDDDDDDD:15D001-1
2015-03-24 17:00:12 INFO  Leclerc:77 - 8/595
2015-03-24 17:00:12 INFO  Leclerc:78 - uniqueIDDDDDDDDDDDDDDD:http://www.e-leclerc.com/beautor
2015-03-24 17:00:15 INFO  Leclerc:77 - 9/595
2015-03-24 17:00:15 INFO  Leclerc:78 - uniqueIDDDDDDDDDDDDDDD:http://www.e-leclerc.com/avermes-moulins
2015-03-24 17:00:20 INFO  Leclerc:117 - 15G006G-3
2015-03-24 17:00:20 INFO  Leclerc:118 - http://nos-catalogues-promos.e-leclerc.com/Leclerc/operations/14246986005944/catalogs/3/catalog.xml
2015-03-24 17:00:21 INFO  Leclerc:136 - uniqueIDDDDDDDDDDDDDDD:15G006G-3
2015-03-24 17:00:21 INFO  Leclerc:117 - 15G106G-1
2015-03-24 17:00:21 INFO  Leclerc:118 - http://nos-catalogues-promos.e-leclerc.com/Leclerc/operations/14250401005955/catalogs/1/catalog.xml
2015-03-24 17:00:21 INFO  Leclerc:136 - uniqueIDDDDDDDDDDDDDDD:15G106G-1
2015-03-24 17:00:22 INFO  Leclerc:117 - 15D003-1
2015-03-24 17:00:22 INFO  Leclerc:118 - http://nos-catalogues-promos.e-leclerc.com/Leclerc/operations/14224376005861/catalogs/1/catalog.xml
2015-03-24 17:00:22 INFO  Leclerc:136 - uniqueIDDDDDDDDDDDDDDD:15D003-1
2015-03-24 17:00:23 INFO  Leclerc:117 - 15G019G-1
2015-03-24 17:00:23 INFO  Leclerc:118 - http://nos-catalogues-promos.e-leclerc.com/Leclerc/operations/14207107005771/catalogs/1/catalog.xml
2015-03-24 17:00:23 INFO  Leclerc:136 - uniqueIDDDDDDDDDDDDDDD:15G019G-1
2015-03-24 17:00:25 INFO  Leclerc:117 - 15D001-1
2015-03-24 17:00:25 INFO  Leclerc:118 - http://nos-catalogues-promos.e-leclerc.com/Leclerc/operations/14189818005717/catalogs/1/catalog.xml
2015-03-24 17:00:25 INFO  Leclerc:136 - uniqueIDDDDDDDDDDDDDDD:15D001-1
2015-03-24 17:00:31 INFO  Leclerc:77 - 10/595
2015-03-24 17:00:31 INFO  Leclerc:78 - uniqueIDDDDDDDDDDDDDDD:http://www.e-leclerc.com/domerat
2015-03-24 17:00:37 INFO  Leclerc:117 - 15G006G-3
2015-03-24 17:00:37 INFO  Leclerc:118 - http://nos-catalogues-promos.e-leclerc.com/Leclerc/operations/14246986005944/catalogs/3/catalog.xml
2015-03-24 17:00:37 INFO  Leclerc:136 - uniqueIDDDDDDDDDDDDDDD:15G006G-3
2015-03-24 17:00:38 INFO  Leclerc:117 - 15G090Q-1
2015-03-24 17:00:38 INFO  Leclerc:118 - http://nos-catalogues-promos.e-leclerc.com/Leclerc/operations/14247780005946/catalogs/1/catalog.xml
2015-03-24 17:00:38 INFO  Leclerc:136 - uniqueIDDDDDDDDDDDDDDD:15G090Q-1
2015-03-24 17:00:38 INFO  Leclerc:117 - 15G106G-1
2015-03-24 17:00:38 INFO  Leclerc:118 - http://nos-catalogues-promos.e-leclerc.com/Leclerc/operations/14250401005955/catalogs/1/catalog.xml
2015-03-24 17:00:39 INFO  Leclerc:136 - uniqueIDDDDDDDDDDDDDDD:15G106G-1
2015-03-24 17:00:39 INFO  Leclerc:117 - 15Q003-1
2015-03-24 17:00:39 INFO  Leclerc:118 - http://nos-catalogues-promos.e-leclerc.com/Leclerc/operations/14240930005916/catalogs/1/catalog.xml
2015-03-24 17:00:39 INFO  Leclerc:136 - uniqueIDDDDDDDDDDDDDDD:15Q003-1
2015-03-24 17:00:40 INFO  Leclerc:117 - 15C038O-1
2015-03-24 17:00:40 INFO  Leclerc:118 - http://nos-catalogues-promos.e-leclerc.com/Leclerc/operations/14264987006008/catalogs/1/catalog.xml
2015-03-24 17:00:40 INFO  Leclerc:136 - uniqueIDDDDDDDDDDDDDDD:15C038O-1
2015-03-24 17:00:41 INFO  Leclerc:117 - 15G019G-1
2015-03-24 17:00:41 INFO  Leclerc:118 - http://nos-catalogues-promos.e-leclerc.com/Leclerc/operations/14207107005771/catalogs/1/catalog.xml
2015-03-24 17:00:41 INFO  Leclerc:136 - uniqueIDDDDDDDDDDDDDDD:15G019G-1
2015-03-24 17:00:42 INFO  Leclerc:117 - 15D001-1
2015-03-24 17:00:42 INFO  Leclerc:118 - http://nos-catalogues-promos.e-leclerc.com/Leclerc/operations/14189818005717/catalogs/1/catalog.xml
2015-03-24 17:00:42 INFO  Leclerc:136 - uniqueIDDDDDDDDDDDDDDD:15D001-1
2015-03-24 17:00:45 INFO  Leclerc:77 - 11/595
2015-03-24 17:00:45 INFO  Leclerc:78 - uniqueIDDDDDDDDDDDDDDD:http://www.e-leclerc.com/bellerive
2015-03-24 17:00:50 INFO  Leclerc:117 - 15G006G-3
2015-03-24 17:00:50 INFO  Leclerc:118 - http://nos-catalogues-promos.e-leclerc.com/Leclerc/operations/14246986005944/catalogs/3/catalog.xml
2015-03-24 17:00:50 INFO  Leclerc:136 - uniqueIDDDDDDDDDDDDDDD:15G006G-3
2015-03-24 17:00:51 INFO  Leclerc:117 - 15G106G-1
2015-03-24 17:00:51 INFO  Leclerc:118 - http://nos-catalogues-promos.e-leclerc.com/Leclerc/operations/14250401005955/catalogs/1/catalog.xml
2015-03-24 17:00:51 INFO  Leclerc:136 - uniqueIDDDDDDDDDDDDDDD:15G106G-1
2015-03-24 17:00:52 INFO  Leclerc:117 - 15C038O-1
2015-03-24 17:00:52 INFO  Leclerc:118 - http://nos-catalogues-promos.e-leclerc.com/Leclerc/operations/14264987006008/catalogs/1/catalog.xml
2015-03-24 17:00:52 INFO  Leclerc:136 - uniqueIDDDDDDDDDDDDDDD:15C038O-1
2015-03-24 17:00:52 INFO  Leclerc:117 - 15D003-1
2015-03-24 17:00:52 INFO  Leclerc:118 - http://nos-catalogues-promos.e-leclerc.com/Leclerc/operations/14224376005861/catalogs/1/catalog.xml
2015-03-24 17:00:53 INFO  Leclerc:136 - uniqueIDDDDDDDDDDDDDDD:15D003-1
2015-03-24 17:03:15 INFO  Version:37 - HCANN000001: Hibernate Commons Annotations {4.0.1.Final}
2015-03-24 17:03:15 INFO  Version:41 - HHH000412: Hibernate Core {4.1.1}
2015-03-24 17:03:15 INFO  Environment:239 - HHH000206: hibernate.properties not found
2015-03-24 17:03:15 INFO  Environment:342 - HHH000021: Bytecode provider name : javassist
2015-03-24 17:03:15 INFO  DriverManagerConnectionProviderImpl:90 - HHH000402: Using Hibernate built-in connection pool (not for production use!)
2015-03-24 17:03:15 INFO  DriverManagerConnectionProviderImpl:110 - HHH000115: Hibernate connection pool size: 20
2015-03-24 17:03:15 INFO  DriverManagerConnectionProviderImpl:113 - HHH000006: Autocommit mode: true
2015-03-24 17:03:15 INFO  DriverManagerConnectionProviderImpl:127 - HHH000401: using driver [com.mysql.jdbc.Driver] at URL [jdbc:mysql://94.23.63.229:3306/crawlerv2_prod]
2015-03-24 17:03:15 INFO  DriverManagerConnectionProviderImpl:132 - HHH000046: Connection properties: {user=root, password=****, autocommit=true, release_mode=auto}
2015-03-24 17:03:16 INFO  Dialect:122 - HHH000400: Using dialect: org.hibernate.dialect.MySQLDialect
2015-03-24 17:03:16 INFO  TransactionFactoryInitiator:73 - HHH000268: Transaction strategy: org.hibernate.engine.transaction.internal.jdbc.JdbcTransactionFactory
2015-03-24 17:03:16 INFO  ASTQueryTranslatorFactory:48 - HHH000397: Using ASTQueryTranslatorFactory
2015-03-24 17:03:34 INFO  Leclerc:79 - 0/595
2015-03-24 17:03:34 INFO  Leclerc:80 - uniqueIDDDDDDDDDDDDDDD:http://www.e-leclerc.com/bressedis
2015-03-24 17:03:40 INFO  Leclerc:119 - 15G006G-24
2015-03-24 17:03:40 INFO  Leclerc:120 - http://nos-catalogues-promos.e-leclerc.com/Leclerc/operations/14246986005944/catalogs/24/catalog.xml
2015-03-24 17:03:41 INFO  Leclerc:138 - uniqueIDDDDDDDDDDDDDDD:15G006G-24
2015-03-24 17:03:42 INFO  Leclerc:243 - ens_leclerc3/cat_15g006g-24/cover.jpg
2015-03-24 17:03:42 INFO  ScpTask:41 - start download :http://nos-catalogues-promos.e-leclerc.com/Leclerc/operations/14246986005944/catalogs/24/pages/cover/standard.png
2015-03-24 17:03:42 INFO  ScpTask:41 - start download :http://nos-catalogues-promos.e-leclerc.com/Leclerc/operations/14246986005944/catalogs/24/pages/zoom/61.jpg
2015-03-24 17:03:42 INFO  ScpTask:41 - start download :http://nos-catalogues-promos.e-leclerc.com/Leclerc/operations/14246986005944/catalogs/24/pages/zoom/31.jpg
2015-03-24 17:03:42 INFO  ScpTask:41 - start download :http://nos-catalogues-promos.e-leclerc.com/Leclerc/operations/14246986005944/catalogs/24/pages/zoom/13.jpg
2015-03-24 17:03:42 INFO  ScpTask:41 - start download :http://nos-catalogues-promos.e-leclerc.com/Leclerc/operations/14246986005944/catalogs/24/pages/zoom/62.jpg
2015-03-24 17:03:43 INFO  Leclerc:172 - OEUF REBONDISSANT
2015-03-24 17:03:50 INFO  ScpTask:41 - start download :http://nos-catalogues-promos.e-leclerc.com/Leclerc/operations/14246986005944/catalogs/24/pages/zoom/14.jpg
2015-03-24 17:03:59 INFO  ScpTask:41 - start download :http://nos-catalogues-promos.e-leclerc.com/Leclerc/operations/14246986005944/catalogs/24/pages/zoom/15.jpg
2015-03-24 17:04:02 INFO  ScpTask:41 - start download :http://nos-catalogues-promos.e-leclerc.com/Leclerc/operations/14246986005944/catalogs/24/pages/zoom/16.jpg
2015-03-24 17:04:12 INFO  ScpTask:41 - start download :http://nos-catalogues-promos.e-leclerc.com/Leclerc/operations/14246986005944/catalogs/24/pages/zoom/17.jpg
2015-03-24 17:04:14 INFO  ScpTask:41 - start download :http://nos-catalogues-promos.e-leclerc.com/Leclerc/operations/14246986005944/catalogs/24/pages/zoom/18.jpg
2015-03-24 17:04:14 INFO  ScpTask:41 - start download :http://nos-catalogues-promos.e-leclerc.com/Leclerc/operations/14246986005944/catalogs/24/pages/zoom/20.jpg
2015-03-24 17:04:14 INFO  ScpTask:41 - start download :http://nos-catalogues-promos.e-leclerc.com/Leclerc/operations/14246986005944/catalogs/24/pages/zoom/19.jpg
2015-03-24 17:04:17 INFO  Leclerc:226 - http://nos-catalogues-promos.e-leclerc.com/Leclerc/operations/14246986005944/products/40011/img_zoom/15A07_V2_Page_05_Image_0002.jpg
2015-03-24 17:04:17 INFO  Leclerc:227 - 40011
2015-03-24 17:04:17 INFO  Leclerc:172 - OEUF DINOSAURE
2015-03-24 17:04:34 INFO  ScpTask:41 - start download :http://nos-catalogues-promos.e-leclerc.com/Leclerc/operations/14246986005944/catalogs/24/pages/zoom/21.jpg
2015-03-24 17:04:39 INFO  ScpTask:41 - start download :http://nos-catalogues-promos.e-leclerc.com/Leclerc/operations/14246986005944/catalogs/24/pages/zoom/22.jpg
2015-03-24 17:04:40 INFO  ScpTask:41 - start download :http://nos-catalogues-promos.e-leclerc.com/Leclerc/operations/14246986005944/catalogs/24/pages/zoom/23.jpg
2015-03-24 17:04:45 INFO  ScpTask:41 - start download :http://nos-catalogues-promos.e-leclerc.com/Leclerc/operations/14246986005944/catalogs/24/pages/zoom/24.jpg
2015-03-24 17:04:47 INFO  ScpTask:41 - start download :http://nos-catalogues-promos.e-leclerc.com/Leclerc/operations/14246986005944/catalogs/24/pages/zoom/7.jpg
2015-03-24 17:04:50 INFO  Leclerc:226 - http://nos-catalogues-promos.e-leclerc.com/Leclerc/operations/14246986005944/products/40009/img_zoom/15A07_V2_Page_05_Image_0011.jpg
2015-03-24 17:04:50 INFO  Leclerc:227 - 40009
2015-03-24 17:04:51 INFO  Leclerc:172 - PACK 4 OEUFS VOITURES
2015-03-24 17:05:05 INFO  ScpTask:41 - start download :http://nos-catalogues-promos.e-leclerc.com/Leclerc/operations/14246986005944/catalogs/24/pages/zoom/8.jpg
2015-03-24 17:05:13 INFO  ScpTask:41 - start download :http://nos-catalogues-promos.e-leclerc.com/Leclerc/operations/14246986005944/catalogs/24/pages/zoom/9.jpg
2015-03-24 17:05:13 INFO  ScpTask:41 - start download :http://nos-catalogues-promos.e-leclerc.com/Leclerc/operations/14246986005944/catalogs/24/pages/zoom/10.jpg
2015-03-24 17:05:15 INFO  ScpTask:41 - start download :http://nos-catalogues-promos.e-leclerc.com/Leclerc/operations/14246986005944/catalogs/24/pages/zoom/11.jpg
